<?xml version="1.0" encoding="UTF-8"?>
<testng-results ignored="0" total="1" passed="1" failed="0" skipped="0">
  <reporter-output>
  </reporter-output>
  <suite started-at="2020-05-19T13:51:56 EDT" name="Default suite" finished-at="2020-05-19T13:51:56 EDT" duration-ms="58">
    <groups>
    </groups>
    <test started-at="2020-05-19T13:51:56 EDT" name="Default test" finished-at="2020-05-19T13:51:56 EDT" duration-ms="58">
      <class name="com.syntax.test.TestNGTest">
        <test-method signature="hello()[pri:0, instance:com.syntax.test.TestNGTest@fdefd3f]" started-at="2020-05-19T13:51:56 EDT" name="hello" finished-at="2020-05-19T13:51:56 EDT" duration-ms="14" status="PASS">
          <reporter-output>
          </reporter-output>
        </test-method> <!-- hello -->
      </class> <!-- com.syntax.test.TestNGTest -->
    </test> <!-- Default test -->
  </suite> <!-- Default suite -->
</testng-results>
